<?xml version="1.0" encoding="UTF-8"?>
<phpunit xmlns:xsi="http://www.w3.org/2001/XMLSchema-instance"
         xsi:noNamespaceSchemaLocation="http://schema.phpunit.de/8.5/phpunit.xsd"
         cacheTokens="true"
         colors="true">
    <testsuites>
        <testsuite name="Application Test Suite">
            <directory>test</directory>
        </testsuite>
    </testsuites>
    <filter>
        <whitelist processUncoveredFilesFromWhitelist="true">
            <directory suffix=".php">config</directory>
            <directory suffix=".php">di</directory>
            <directory suffix=".php">log</directory>
            <directory suffix=".php">lpr</directory>
        </whitelist>
    </filter>
    <php>
        <ini name="memory_limit" value="2048M"/>
        <ini name="max_execution_time" value="60"/>
    </php>
</phpunit>
